<?xml version="1.0" encoding="UTF-8"?>
<!-- Generated by org.testng.reporters.JUnitReportReporter -->
<testsuite hostname="DESKTOP-JARKCNU" failures="0" tests="3" name="tests.PutPatchDeleteExamples" time="30.062" errors="0" timestamp="2022-09-30T17:02:53 AST" skipped="0">
  <testcase classname="tests.PutPatchDeleteExamples" name="testDelete" time="25.734"/>
  <system-out/>
  <testcase classname="tests.PutPatchDeleteExamples" name="testPatch" time="2.849"/>
  <system-out/>
  <testcase classname="tests.PutPatchDeleteExamples" name="testPut" time="1.479"/>
  <system-out/>
</testsuite> <!-- tests.PutPatchDeleteExamples -->
