<?xml version="1.0" encoding="UTF-8"?>
<!-- Generated by org.testng.reporters.JUnitReportReporter -->
<testsuite hostname="DESKTOP-JARKCNU" failures="0" tests="1" name="tests.JSONSchemaValidator" time="17.055" errors="0" timestamp="2022-10-02T21:35:25 AST" skipped="0">
  <testcase classname="tests.JSONSchemaValidator" name="testGet" time="17.055"/>
  <system-out/>
</testsuite> <!-- tests.JSONSchemaValidator -->
