<?xml version="1.0" encoding="UTF-8"?>
<!-- Generated by org.testng.reporters.JUnitReportReporter -->
<testsuite hostname="DESKTOP-JARKCNU" failures="0" tests="1" name="tests.GetAndPostExamples" time="10.629" errors="0" timestamp="2022-09-29T20:53:14 AST" skipped="0">
  <testcase classname="tests.GetAndPostExamples" name="testPost" time="10.629"/>
  <system-out/>
</testsuite> <!-- tests.GetAndPostExamples -->
