<?xml version="1.0" encoding="UTF-8"?>
<!-- Generated by org.testng.reporters.JUnitReportReporter -->
<testsuite hostname="DESKTOP-JARKCNU" failures="0" tests="2" name="tests.TestsExamples" time="15.283" errors="0" timestamp="2022-09-29T02:30:38 AST" skipped="0">
  <testcase classname="tests.TestsExamples" name="test_2" time="5.471"/>
  <system-out/>
  <testcase classname="tests.TestsExamples" name="test_1" time="9.812"/>
  <system-out/>
</testsuite> <!-- tests.TestsExamples -->
