<?xml version="1.0" encoding="UTF-8"?>
<!-- Generated by org.testng.reporters.JUnitReportReporter -->
<testsuite hostname="DESKTOP-JARKCNU" failures="0" tests="1" name="tests.TestsOnLocalApi" time="26.207" errors="0" timestamp="2022-10-01T19:26:08 AST" skipped="0">
  <testcase classname="tests.TestsOnLocalApi" name="delete" time="26.207"/>
  <system-out/>
</testsuite> <!-- tests.TestsOnLocalApi -->
