<?xml version="1.0" encoding="UTF-8"?>
<!-- Generated by org.testng.reporters.JUnitReportReporter -->
<testsuite hostname="DESKTOP-JARKCNU" failures="0" tests="1" name="tests.SoapXMLRequest" time="12.847" errors="0" timestamp="2022-10-05T04:18:49 AST" skipped="0">
  <testcase classname="tests.SoapXMLRequest" name="validateSoapXML" time="12.847"/>
  <system-out/>
</testsuite> <!-- tests.SoapXMLRequest -->
